<?xml version="1.0" encoding="UTF-8"?>
<!-- Generated by org.testng.reporters.JUnitReportReporter -->
<testsuite hostname="Chis-MacBook-Air.local" failures="0" tests="1" name="seleniumDemo.BookingListTest" time="43.870" errors="0" timestamp="2022-08-10T03:39:39 ICT" skipped="0">
  <testcase classname="seleniumDemo.BookingListTest" name="BookingDateFilter" time="43.870"/>
  <system-out/>
</testsuite> <!-- seleniumDemo.BookingListTest -->
