<?xml version="1.0" encoding="UTF-8"?>
<!-- Generated by org.testng.reporters.JUnitReportReporter -->
<testsuite hostname="Chis-MacBook-Air.local" failures="0" tests="1" name="seleniumDemo.BookingListTest" time="46.058" errors="0" timestamp="2022-08-11T04:49:36 ICT" skipped="0">
  <testcase classname="seleniumDemo.BookingListTest" name="BookingDateFilter" time="46.058"/>
  <system-out/>
</testsuite> <!-- seleniumDemo.BookingListTest -->
