<?xml version="1.0" encoding="UTF-8"?>
<!-- Generated by org.testng.reporters.JUnitReportReporter -->
<testsuite hostname="Chis-MacBook-Air.local" failures="0" tests="1" name="seleniumDemo.LoginTest" time="16.892" errors="0" timestamp="2022-07-30T23:06:39 ICT" skipped="0">
  <testcase classname="seleniumDemo.LoginTest" name="validLogin" time="16.892"/>
  <system-out/>
</testsuite> <!-- seleniumDemo.LoginTest -->
